This is pdfTeXk, Version 3.141592-1.40.3 (Web2C 7.5.6) (format=pdflatex 2009.6.29)  7 APR 2010 17:36
entering extended mode
 %&-line parsing enabled.
**somstring_paper_v28.tex
(./somstring_paper_v28.tex
LaTeX2e <2005/12/01>
Babel <v3.8h> and hyphenation patterns for english, usenglishmax, dumylang, noh
yphenation, croatian, ukrainian, russian, bulgarian, czech, slovak, danish, dut
ch, finnish, basque, french, german, ngerman, ibycus, greek, monogreek, ancient
greek, hungarian, italian, latin, mongolian, norsk, icelandic, interlingua, tur
kish, coptic, romanian, welsh, serbian, slovenian, estonian, esperanto, upperso
rbian, indonesian, polish, portuguese, spanish, catalan, galician, swedish, pin
yin, loaded.

LaTeX Warning: File `example.eps' already exists on the system.
               Not generating it from this source.

(./svjour3.cls
Document Class: svjour3 2007/05/08 v3.2 
LaTeX document class for Springer journals
Class Springer-SVJour3 Info: extra/valid Springer sub-package (-> *.clo) 
(Springer-SVJour3)           not found in option list of \documentclass
(Springer-SVJour3)           - autoactivating "global" style.
(./svglov3.clo
File: svglov3.clo 2006/02/03 v3.1 style option for standardised journals

SVJour Class option: svglov3.clo for standardised journals

LaTeX Font Warning: Font shape `OT1/cmr/m/n' in size <9.5> not available
(Font)              size <9> substituted on input line 45.

)
LaTeX Font Info:    Redeclaring math symbol \Gamma on input line 147.
LaTeX Font Info:    Redeclaring math symbol \Delta on input line 148.
LaTeX Font Info:    Redeclaring math symbol \Theta on input line 149.
LaTeX Font Info:    Redeclaring math symbol \Lambda on input line 150.
LaTeX Font Info:    Redeclaring math symbol \Xi on input line 151.
LaTeX Font Info:    Redeclaring math symbol \Pi on input line 152.
LaTeX Font Info:    Redeclaring math symbol \Sigma on input line 153.
LaTeX Font Info:    Redeclaring math symbol \Upsilon on input line 154.
LaTeX Font Info:    Redeclaring math symbol \Phi on input line 155.
LaTeX Font Info:    Redeclaring math symbol \Psi on input line 156.
LaTeX Font Info:    Redeclaring math symbol \Omega on input line 157.
\logodepth=\dimen102
\headerboxheight=\dimen103
\betweenumberspace=\dimen104
\aftertext=\dimen105
\headlineindent=\dimen106
\c@inst=\count79
\c@auth=\count80
\instindent=\dimen107
\authrun=\box26
\authorrunning=\toks14
\titrun=\box27
\titlerunning=\toks15
\combirun=\box28
\c@lastpage=\count81
\rubricwidth=\dimen108
\c@section=\count82
\c@subsection=\count83
\c@subsubsection=\count84
\c@paragraph=\count85
\c@subparagraph=\count86
\spthmsep=\dimen109
\c@theorem=\count87
\c@case=\count88
\c@conjecture=\count89
\c@corollary=\count90
\c@definition=\count91
\c@example=\count92
\c@exercise=\count93
\c@lemma=\count94
\c@note=\count95
\c@problem=\count96
\c@property=\count97
\c@proposition=\count98
\c@question=\count99
\c@solution=\count100
\c@remark=\count101
\c@figure=\count102
\c@table=\count103
\abovecaptionskip=\skip41
\belowcaptionskip=\skip42
\figcapgap=\dimen110
\tabcapgap=\dimen111
\figgap=\dimen112
\bibindent=\dimen113
\@tempcntc=\count104
) (/usr/share/texmf-texlive/tex/latex/graphics/graphicx.sty
Package: graphicx 1999/02/16 v1.0f Enhanced LaTeX Graphics (DPC,SPQR)

(/usr/share/texmf-texlive/tex/latex/graphics/keyval.sty
Package: keyval 1999/03/16 v1.13 key=value parser (DPC)
\KV@toks@=\toks16
)
(/usr/share/texmf-texlive/tex/latex/graphics/graphics.sty
Package: graphics 2006/02/20 v1.0o Standard LaTeX Graphics (DPC,SPQR)

(/usr/share/texmf-texlive/tex/latex/graphics/trig.sty
Package: trig 1999/03/16 v1.09 sin cos tan (DPC)
)
(/etc/texmf/tex/latex/config/graphics.cfg
File: graphics.cfg 2007/01/18 v1.5 graphics configuration of teTeX/TeXLive
)
Package graphics Info: Driver file: pdftex.def on input line 90.

(/usr/share/texmf-texlive/tex/latex/pdftex-def/pdftex.def
File: pdftex.def 2007/01/08 v0.04d Graphics/color for pdfTeX
\Gread@gobject=\count105
))
\Gin@req@height=\dimen114
\Gin@req@width=\dimen115
)
(/usr/share/texmf-texlive/tex/latex/amsfonts/amssymb.sty
Package: amssymb 2002/01/22 v2.2d

(/usr/share/texmf-texlive/tex/latex/amsfonts/amsfonts.sty
Package: amsfonts 2001/10/25 v2.2f
\@emptytoks=\toks17
\symAMSa=\mathgroup4
\symAMSb=\mathgroup5
LaTeX Font Info:    Overwriting math alphabet `\mathfrak' in version `bold'
(Font)                  U/euf/m/n --> U/euf/b/n on input line 132.
))
(/usr/share/texmf-texlive/tex/latex/amsmath/amsmath.sty
Package: amsmath 2000/07/18 v2.13 AMS math features
\@mathmargin=\skip43

For additional information on amsmath, use the `?' option.
(/usr/share/texmf-texlive/tex/latex/amsmath/amstext.sty
Package: amstext 2000/06/29 v2.01

(/usr/share/texmf-texlive/tex/latex/amsmath/amsgen.sty
File: amsgen.sty 1999/11/30 v2.0
\@emptytoks=\toks18
\ex@=\dimen116
))
(/usr/share/texmf-texlive/tex/latex/amsmath/amsbsy.sty
Package: amsbsy 1999/11/29 v1.2d
\pmbraise@=\dimen117
)
(/usr/share/texmf-texlive/tex/latex/amsmath/amsopn.sty
Package: amsopn 1999/12/14 v2.01 operator names
)
\inf@bad=\count106
LaTeX Info: Redefining \frac on input line 211.
\uproot@=\count107
\leftroot@=\count108
LaTeX Info: Redefining \overline on input line 307.
\classnum@=\count109
\DOTSCASE@=\count110
LaTeX Info: Redefining \ldots on input line 379.
LaTeX Info: Redefining \dots on input line 382.
LaTeX Info: Redefining \cdots on input line 467.
\Mathstrutbox@=\box29
\strutbox@=\box30
\big@size=\dimen118
LaTeX Font Info:    Redeclaring font encoding OML on input line 567.
LaTeX Font Info:    Redeclaring font encoding OMS on input line 568.


Package amsmath Warning: Unable to redefine math accent \vec.

\macc@depth=\count111
\c@MaxMatrixCols=\count112
\dotsspace@=\muskip10
\c@parentequation=\count113
\dspbrk@lvl=\count114
\tag@help=\toks19
\row@=\count115
\column@=\count116
\maxfields@=\count117
\andhelp@=\toks20
\eqnshift@=\dimen119
\alignsep@=\dimen120
\tagshift@=\dimen121
\tagwidth@=\dimen122
\totwidth@=\dimen123
\lineht@=\dimen124
\@envbody=\toks21
\multlinegap=\skip44
\multlinetaggap=\skip45
\mathdisplay@stack=\toks22
LaTeX Info: Redefining \[ on input line 2666.
LaTeX Info: Redefining \] on input line 2667.
) (./somstring_paper_v28.aux

LaTeX Warning: Label `figupdatingsom' multiply defined.

)
\openout1 = `somstring_paper_v28.aux'.

LaTeX Font Info:    Checking defaults for OML/cmm/m/it on input line 60.
LaTeX Font Info:    ... okay on input line 60.
LaTeX Font Info:    Checking defaults for T1/cmr/m/n on input line 60.
LaTeX Font Info:    ... okay on input line 60.
LaTeX Font Info:    Checking defaults for OT1/cmr/m/n on input line 60.
LaTeX Font Info:    ... okay on input line 60.
LaTeX Font Info:    Checking defaults for OMS/cmsy/m/n on input line 60.
LaTeX Font Info:    ... okay on input line 60.
LaTeX Font Info:    Checking defaults for OMX/cmex/m/n on input line 60.
LaTeX Font Info:    ... okay on input line 60.
LaTeX Font Info:    Checking defaults for U/cmr/m/n on input line 60.
LaTeX Font Info:    ... okay on input line 60.

Unknown journal: specify \journalname{<name of your journal>} in preambel

(/usr/share/texmf/tex/context/base/supp-pdf.tex
[Loading MPS to PDF converter (version 2006.09.02).]
\scratchcounter=\count118
\scratchdimen=\dimen125
\scratchbox=\box31
\nofMPsegments=\count119
\nofMParguments=\count120
\everyMPshowfont=\toks23
\MPscratchCnt=\count121
\MPscratchDim=\dimen126
\MPnumerator=\count122
\everyMPtoPDFconversion=\toks24
)
SVJour3 warning: Missing \journalname

LaTeX Font Warning: Font shape `OT1/cmr/bx/n' in size <9.5> not available
(Font)              size <9> substituted on input line 104.


LaTeX Font Warning: Font shape `OT1/cmr/m/n' in size <13> not available
(Font)              size <12> substituted on input line 104.


LaTeX Font Warning: Font shape `OT1/cmr/bx/n' in size <13> not available
(Font)              size <12> substituted on input line 104.

LaTeX Font Info:    Calculating math sizes for size <9.5> on input line 104.

LaTeX Font Warning: Font shape `OML/cmm/b/it' in size <9.5> not available
(Font)              size <9> substituted on input line 104.


LaTeX Font Warning: Font shape `OMS/cmsy/b/n' in size <9.5> not available
(Font)              size <9> substituted on input line 104.


LaTeX Font Warning: Font shape `OMX/cmex/m/n' in size <9.5> not available
(Font)              size <9> substituted on input line 104.

LaTeX Font Info:    Try loading font information for U+msa on input line 104.
(/usr/share/texmf-texlive/tex/latex/amsfonts/umsa.fd
File: umsa.fd 2002/01/19 v2.2g AMS font definitions
)

LaTeX Font Warning: Font shape `U/msa/m/n' in size <9.5> not available
(Font)              size <9> substituted on input line 104.

LaTeX Font Info:    Try loading font information for U+msb on input line 104.
(/usr/share/texmf-texlive/tex/latex/amsfonts/umsb.fd
File: umsb.fd 2002/01/19 v2.2g AMS font definitions
)

LaTeX Font Warning: Font shape `U/msb/m/n' in size <9.5> not available
(Font)              size <9> substituted on input line 104.


LaTeX Font Warning: Font shape `OML/cmm/m/it' in size <9.5> not available
(Font)              size <9> substituted on input line 104.


LaTeX Font Warning: Font shape `OMS/cmsy/m/n' in size <9.5> not available
(Font)              size <9> substituted on input line 104.

[1{/var/lib/texmf/fonts/map/pdftex/updmap/pdftex.map}]

LaTeX Font Warning: Font shape `OT1/cmr/m/it' in size <9.5> not available
(Font)              size <9> substituted on input line 154.

LaTeX Font Info:    Try loading font information for U+euf on input line 180.
(/usr/share/texmf-texlive/tex/latex/amsfonts/ueuf.fd
File: ueuf.fd 2002/01/19 v2.2g AMS font definitions
)

LaTeX Font Warning: Font shape `U/euf/m/n' in size <9.5> not available
(Font)              size <9> substituted on input line 180.


Underfull \hbox (badness 10000) has occurred while \output is active
[][]
 []

[2]

LaTeX Warning: Citation `ISI:A1985AVC8700004' on page 3 undefined on input line
 234.


LaTeX Warning: Citation ` kohonen95a' on page 3 undefined on input line 234.

[3]

LaTeX Warning: Citation ` koikkalainen94b' on page 4 undefined on input line 25
7.


LaTeX Warning: Citation `ISI:A1997XM23700003' on page 4 undefined on input line
 266.


Underfull \vbox (badness 1314) has occurred while \output is active []


Underfull \hbox (badness 10000) has occurred while \output is active
[][]
 []

[4]

LaTeX Warning: Citation `cottrell2006' on page 5 undefined on input line 307.


LaTeX Warning: Citation `mora07' on page 5 undefined on input line 309.


LaTeX Warning: Citation `higuera00' on page 5 undefined on input line 311.


LaTeX Warning: Reference `examples' on page 5 undefined on input line 313.

[5]

LaTeX Warning: Reference `state' on page 6 undefined on input line 315.


LaTeX Warning: Citation `RefMora' on page 6 undefined on input line 332.


LaTeX Warning: Reference `mediansom' on page 6 undefined on input line 332.


LaTeX Warning: Citation `oja05a_bibuniq_362' on page 6 undefined on input line 
332.


LaTeX Warning: Reference `somstring' on page 6 undefined on input line 332.


LaTeX Warning: Citation `kohonen96m' on page 6 undefined on input line 334.


LaTeX Warning: Reference `fig:somgrid' on page 6 undefined on input line 344.


Underfull \hbox (badness 10000) has occurred while \output is active
[][]
 []

[6]

LaTeX Warning: Reference `fig:somgrid' on page 7 undefined on input line 367.

[7]

LaTeX Warning: Citation `UmatUlts' on page 8 undefined on input line 417.


Underfull \hbox (badness 10000) has occurred while \output is active
[][]
 []

[8] [9]

LaTeX Font Warning: Font shape `OT1/cmr/bx/it' in size <9.5> not available
(Font)              size <9> substituted on input line 530.


LaTeX Font Warning: Font shape `OT1/cmtt/m/n' in size <9.5> not available
(Font)              size <9> substituted on input line 533.


LaTeX Warning: Citation `okuda1976' on page 10 undefined on input line 551.


Underfull \hbox (badness 10000) has occurred while \output is active
[][]
 []

[10]
Overfull \hbox (28.46277pt too wide) in paragraph at lines 600--601
\OT1/cmr/m/n/9 e-ment re-quired to com-pute new SOM al-go-rithm for non-vec-to-
rial data is \OT1/cmr/m/it/9 new[]interpolated[]model
 []


Underfull \hbox (badness 10000) in paragraph at lines 602--606

 []

[11]
Underfull \hbox (badness 10000) has occurred while \output is active
[][]
 []

[12] [13] (./somstring_paper_v28.bbl
Underfull \hbox (badness 10000) has occurred while \output is active
[][]
 []

[14]) [15] (./somstring_paper_v28.aux)

LaTeX Font Warning: Size substitutions with differences
(Font)              up to 1.0pt have occurred.


LaTeX Warning: There were undefined references.


LaTeX Warning: There were multiply-defined labels.

 ) 
Here is how much of TeX's memory you used:
 2203 strings out of 94095
 25595 string characters out of 1165652
 79119 words of memory out of 1500000
 5464 multiletter control sequences out of 10000+50000
 15895 words of font info for 60 fonts, out of 1200000 for 2000
 637 hyphenation exceptions out of 8191
 27i,9n,24p,1204b,310s stack positions out of 5000i,500n,6000p,200000b,5000s
</usr/share/texmf-texlive/fonts/type1/bluesky/cm/cmbsy10.pfb></usr/share/texm
f-texlive/fonts/type1/bluesky/cm/cmbx12.pfb></usr/share/texmf-texlive/fonts/typ
e1/bluesky/cm/cmbx8.pfb></usr/share/texmf-texlive/fonts/type1/bluesky/cm/cmbx9.
pfb></usr/share/texmf-texlive/fonts/type1/bluesky/cm/cmbxti10.pfb></usr/share/t
exmf-texlive/fonts/type1/bluesky/cm/cmmi6.pfb></usr/share/texmf-texlive/fonts/t
ype1/bluesky/cm/cmmi7.pfb></usr/share/texmf-texlive/fonts/type1/bluesky/cm/cmmi
8.pfb></usr/share/texmf-texlive/fonts/type1/bluesky/cm/cmmi9.pfb></usr/share/te
xmf-texlive/fonts/type1/bluesky/cm/cmr6.pfb></usr/share/texmf-texlive/fonts/typ
e1/bluesky/cm/cmr7.pfb></usr/share/texmf-texlive/fonts/type1/bluesky/cm/cmr8.pf
b></usr/share/texmf-texlive/fonts/type1/bluesky/cm/cmr9.pfb></usr/share/texmf-t
exlive/fonts/type1/bluesky/cm/cmsy6.pfb></usr/share/texmf-texlive/fonts/type1/b
luesky/cm/cmsy7.pfb></usr/share/texmf-texlive/fonts/type1/bluesky/cm/cmsy8.pfb>
</usr/share/texmf-texlive/fonts/type1/bluesky/cm/cmsy9.pfb></usr/share/texmf-te
xlive/fonts/type1/bluesky/cm/cmti8.pfb></usr/share/texmf-texlive/fonts/type1/bl
uesky/cm/cmti9.pfb></usr/share/texmf-texlive/fonts/type1/bluesky/cm/cmtt9.pfb><
/usr/share/texmf-texlive/fonts/type1/bluesky/ams/eufm10.pfb></usr/share/texmf-t
exlive/fonts/type1/public/cmex/fmex9.pfb></usr/share/texmf-texlive/fonts/type1/
bluesky/ams/msbm10.pfb>
Output written on somstring_paper_v28.pdf (15 pages, 207112 bytes).
PDF statistics:
 143 PDF objects out of 1000 (max. 8388607)
 0 named destinations out of 1000 (max. 131072)
 1 words of extra memory for PDF output out of 10000 (max. 10000000)

