This is pdfTeXk, Version 3.141592-1.40.3 (Web2C 7.5.6) (format=pdflatex 2009.6.29)  24 MAR 2010 17:39
entering extended mode
 %&-line parsing enabled.
**somstring_paper_v25.tex
(./somstring_paper_v25.tex
LaTeX2e <2005/12/01>
Babel <v3.8h> and hyphenation patterns for english, usenglishmax, dumylang, noh
yphenation, croatian, ukrainian, russian, bulgarian, czech, slovak, danish, dut
ch, finnish, basque, french, german, ngerman, ibycus, greek, monogreek, ancient
greek, hungarian, italian, latin, mongolian, norsk, icelandic, interlingua, tur
kish, coptic, romanian, welsh, serbian, slovenian, estonian, esperanto, upperso
rbian, indonesian, polish, portuguese, spanish, catalan, galician, swedish, pin
yin, loaded.

LaTeX Warning: File `example.eps' already exists on the system.
               Not generating it from this source.

(./svjour3.cls
Document Class: svjour3 2007/05/08 v3.2 
LaTeX document class for Springer journals
Class Springer-SVJour3 Info: extra/valid Springer sub-package (-> *.clo) 
(Springer-SVJour3)           not found in option list of \documentclass
(Springer-SVJour3)           - autoactivating "global" style.
(./svglov3.clo
File: svglov3.clo 2006/02/03 v3.1 style option for standardised journals

SVJour Class option: svglov3.clo for standardised journals

LaTeX Font Warning: Font shape `OT1/cmr/m/n' in size <9.5> not available
(Font)              size <9> substituted on input line 45.

)
LaTeX Font Info:    Redeclaring math symbol \Gamma on input line 147.
LaTeX Font Info:    Redeclaring math symbol \Delta on input line 148.
LaTeX Font Info:    Redeclaring math symbol \Theta on input line 149.
LaTeX Font Info:    Redeclaring math symbol \Lambda on input line 150.
LaTeX Font Info:    Redeclaring math symbol \Xi on input line 151.
LaTeX Font Info:    Redeclaring math symbol \Pi on input line 152.
LaTeX Font Info:    Redeclaring math symbol \Sigma on input line 153.
LaTeX Font Info:    Redeclaring math symbol \Upsilon on input line 154.
LaTeX Font Info:    Redeclaring math symbol \Phi on input line 155.
LaTeX Font Info:    Redeclaring math symbol \Psi on input line 156.
LaTeX Font Info:    Redeclaring math symbol \Omega on input line 157.
\logodepth=\dimen102
\headerboxheight=\dimen103
\betweenumberspace=\dimen104
\aftertext=\dimen105
\headlineindent=\dimen106
\c@inst=\count79
\c@auth=\count80
\instindent=\dimen107
\authrun=\box26
\authorrunning=\toks14
\titrun=\box27
\titlerunning=\toks15
\combirun=\box28
\c@lastpage=\count81
\rubricwidth=\dimen108
\c@section=\count82
\c@subsection=\count83
\c@subsubsection=\count84
\c@paragraph=\count85
\c@subparagraph=\count86
\spthmsep=\dimen109
\c@theorem=\count87
\c@case=\count88
\c@conjecture=\count89
\c@corollary=\count90
\c@definition=\count91
\c@example=\count92
\c@exercise=\count93
\c@lemma=\count94
\c@note=\count95
\c@problem=\count96
\c@property=\count97
\c@proposition=\count98
\c@question=\count99
\c@solution=\count100
\c@remark=\count101
\c@figure=\count102
\c@table=\count103
\abovecaptionskip=\skip41
\belowcaptionskip=\skip42
\figcapgap=\dimen110
\tabcapgap=\dimen111
\figgap=\dimen112
\bibindent=\dimen113
\@tempcntc=\count104
) (/usr/share/texmf-texlive/tex/latex/graphics/graphicx.sty
Package: graphicx 1999/02/16 v1.0f Enhanced LaTeX Graphics (DPC,SPQR)

(/usr/share/texmf-texlive/tex/latex/graphics/keyval.sty
Package: keyval 1999/03/16 v1.13 key=value parser (DPC)
\KV@toks@=\toks16
)
(/usr/share/texmf-texlive/tex/latex/graphics/graphics.sty
Package: graphics 2006/02/20 v1.0o Standard LaTeX Graphics (DPC,SPQR)

(/usr/share/texmf-texlive/tex/latex/graphics/trig.sty
Package: trig 1999/03/16 v1.09 sin cos tan (DPC)
)
(/etc/texmf/tex/latex/config/graphics.cfg
File: graphics.cfg 2007/01/18 v1.5 graphics configuration of teTeX/TeXLive
)
Package graphics Info: Driver file: pdftex.def on input line 90.

(/usr/share/texmf-texlive/tex/latex/pdftex-def/pdftex.def
File: pdftex.def 2007/01/08 v0.04d Graphics/color for pdfTeX
\Gread@gobject=\count105
))
\Gin@req@height=\dimen114
\Gin@req@width=\dimen115
)
(./somstring_paper_v25.aux

LaTeX Warning: Label `figupdatingsom' multiply defined.

)
\openout1 = `somstring_paper_v25.aux'.

LaTeX Font Info:    Checking defaults for OML/cmm/m/it on input line 59.
LaTeX Font Info:    ... okay on input line 59.
LaTeX Font Info:    Checking defaults for T1/cmr/m/n on input line 59.
LaTeX Font Info:    ... okay on input line 59.
LaTeX Font Info:    Checking defaults for OT1/cmr/m/n on input line 59.
LaTeX Font Info:    ... okay on input line 59.
LaTeX Font Info:    Checking defaults for OMS/cmsy/m/n on input line 59.
LaTeX Font Info:    ... okay on input line 59.
LaTeX Font Info:    Checking defaults for OMX/cmex/m/n on input line 59.
LaTeX Font Info:    ... okay on input line 59.
LaTeX Font Info:    Checking defaults for U/cmr/m/n on input line 59.
LaTeX Font Info:    ... okay on input line 59.

Unknown journal: specify \journalname{<name of your journal>} in preambel

(/usr/share/texmf/tex/context/base/supp-pdf.tex
[Loading MPS to PDF converter (version 2006.09.02).]
\scratchcounter=\count106
\scratchdimen=\dimen116
\scratchbox=\box29
\nofMPsegments=\count107
\nofMParguments=\count108
\everyMPshowfont=\toks17
\MPscratchCnt=\count109
\MPscratchDim=\dimen117
\MPnumerator=\count110
\everyMPtoPDFconversion=\toks18
)
SVJour3 warning: Missing \journalname

LaTeX Font Warning: Font shape `OT1/cmr/bx/n' in size <9.5> not available
(Font)              size <9> substituted on input line 103.


LaTeX Font Warning: Font shape `OT1/cmr/m/n' in size <13> not available
(Font)              size <12> substituted on input line 103.


LaTeX Font Warning: Font shape `OT1/cmr/bx/n' in size <13> not available
(Font)              size <12> substituted on input line 103.

LaTeX Font Info:    Calculating math sizes for size <9.5> on input line 103.

LaTeX Font Warning: Font shape `OML/cmm/b/it' in size <9.5> not available
(Font)              size <9> substituted on input line 103.


LaTeX Font Warning: Font shape `OMS/cmsy/b/n' in size <9.5> not available
(Font)              size <9> substituted on input line 103.

LaTeX Font Info:    External font `cmex10' loaded for size
(Font)              <9.5> on input line 103.
LaTeX Font Info:    External font `cmex10' loaded for size
(Font)              <6.64996> on input line 103.
LaTeX Font Info:    External font `cmex10' loaded for size
(Font)              <4.75> on input line 103.

LaTeX Font Warning: Font shape `OML/cmm/m/it' in size <9.5> not available
(Font)              size <9> substituted on input line 103.


LaTeX Font Warning: Font shape `OMS/cmsy/m/n' in size <9.5> not available
(Font)              size <9> substituted on input line 103.

LaTeX Font Info:    External font `cmex10' loaded for size
(Font)              <8> on input line 103.
LaTeX Font Info:    External font `cmex10' loaded for size
(Font)              <6> on input line 103.
LaTeX Font Info:    External font `cmex10' loaded for size
(Font)              <5> on input line 103.

LaTeX Font Warning: Font shape `OT1/cmr/m/it' in size <9.5> not available
(Font)              size <9> substituted on input line 122.

[1{/var/lib/texmf/fonts/map/pdftex/updmap/pdftex.map}]

LaTeX Warning: Citation `laaksonen00a' on page 2 undefined on input line 155.


LaTeX Warning: Citation `koikkalainen90b' on page 2 undefined on input line 166
.


LaTeX Warning: Citation ` koikkalainen94b' on page 2 undefined on input line 16
6.


Underfull \hbox (badness 10000) has occurred while \output is active
[][]
 []

[2]

LaTeX Warning: Citation `cottrell2006' on page 3 undefined on input line 180.


LaTeX Warning: Citation `mora07' on page 3 undefined on input line 182.


LaTeX Warning: Citation `higuera00' on page 3 undefined on input line 184.


LaTeX Warning: Reference `examples' on page 3 undefined on input line 186.


LaTeX Warning: Reference `state' on page 3 undefined on input line 188.

[3]

LaTeX Warning: Citation `RefMora' on page 4 undefined on input line 205.


LaTeX Warning: Reference `mediansom' on page 4 undefined on input line 205.


LaTeX Warning: Citation `oja05a_bibuniq_362' on page 4 undefined on input line 
205.


LaTeX Warning: Reference `somstring' on page 4 undefined on input line 205.


LaTeX Warning: Citation `kohonen96m' on page 4 undefined on input line 207.


LaTeX Warning: Reference `fig:somgrid' on page 4 undefined on input line 217.


LaTeX Warning: Reference `fig:somgrid' on page 4 undefined on input line 240.


Underfull \hbox (badness 10000) has occurred while \output is active
[][]
 []

[4]

LaTeX Warning: Citation `UmatUlts' on page 5 undefined on input line 290.

[5]
Underfull \hbox (badness 10000) has occurred while \output is active
[][]
 []

[6]

LaTeX Font Warning: Font shape `OT1/cmr/bx/it' in size <9.5> not available
(Font)              size <9> substituted on input line 403.

[7]

LaTeX Font Warning: Font shape `OT1/cmtt/m/n' in size <9.5> not available
(Font)              size <9> substituted on input line 406.


LaTeX Warning: Citation `okuda1976' on page 8 undefined on input line 424.


Underfull \hbox (badness 10000) has occurred while \output is active
[][]
 []

[8]
Overfull \hbox (28.46277pt too wide) in paragraph at lines 473--474
\OT1/cmr/m/n/9 e-ment re-quired to com-pute new SOM al-go-rithm for non-vec-to-
rial data is \OT1/cmr/m/it/9 new[]interpolated[]model
 []


Underfull \hbox (badness 10000) in paragraph at lines 475--479

 []

[9]
Underfull \hbox (badness 10000) has occurred while \output is active
[][]
 []

[10] [11] (./somstring_paper_v25.bbl)
Underfull \hbox (badness 10000) has occurred while \output is active
[][]
 []

[12] (./somstring_paper_v25.aux)

LaTeX Font Warning: Size substitutions with differences
(Font)              up to 1.0pt have occurred.


LaTeX Warning: There were undefined references.


LaTeX Warning: There were multiply-defined labels.

 ) 
Here is how much of TeX's memory you used:
 1274 strings out of 94095
 15109 string characters out of 1165652
 68396 words of memory out of 1500000
 4585 multiletter control sequences out of 10000+50000
 11269 words of font info for 39 fonts, out of 1200000 for 2000
 637 hyphenation exceptions out of 8191
 25i,8n,20p,1204b,267s stack positions out of 5000i,500n,6000p,200000b,5000s
</usr/share/texmf-texlive/fonts/type1/bluesky/cm/cmbsy10.pfb></usr/share/texm
f-texlive/fonts/type1/bluesky/cm/cmbx12.pfb></usr/share/texmf-texlive/fonts/typ
e1/bluesky/cm/cmbx8.pfb></usr/share/texmf-texlive/fonts/type1/bluesky/cm/cmbx9.
pfb></usr/share/texmf-texlive/fonts/type1/bluesky/cm/cmbxti10.pfb></usr/share/t
exmf-texlive/fonts/type1/bluesky/cm/cmex10.pfb></usr/share/texmf-texlive/fonts/
type1/bluesky/cm/cmmi6.pfb></usr/share/texmf-texlive/fonts/type1/bluesky/cm/cmm
i7.pfb></usr/share/texmf-texlive/fonts/type1/bluesky/cm/cmmi8.pfb></usr/share/t
exmf-texlive/fonts/type1/bluesky/cm/cmmi9.pfb></usr/share/texmf-texlive/fonts/t
ype1/bluesky/cm/cmr6.pfb></usr/share/texmf-texlive/fonts/type1/bluesky/cm/cmr7.
pfb></usr/share/texmf-texlive/fonts/type1/bluesky/cm/cmr8.pfb></usr/share/texmf
-texlive/fonts/type1/bluesky/cm/cmr9.pfb></usr/share/texmf-texlive/fonts/type1/
bluesky/cm/cmsy6.pfb></usr/share/texmf-texlive/fonts/type1/bluesky/cm/cmsy8.pfb
></usr/share/texmf-texlive/fonts/type1/bluesky/cm/cmsy9.pfb></usr/share/texmf-t
exlive/fonts/type1/bluesky/cm/cmti8.pfb></usr/share/texmf-texlive/fonts/type1/b
luesky/cm/cmti9.pfb></usr/share/texmf-texlive/fonts/type1/bluesky/cm/cmtt9.pfb>

Output written on somstring_paper_v25.pdf (12 pages, 179621 bytes).
PDF statistics:
 121 PDF objects out of 1000 (max. 8388607)
 0 named destinations out of 1000 (max. 131072)
 1 words of extra memory for PDF output out of 10000 (max. 10000000)

